Method/Generate/Constructor.pm
Carp.pm
Types/TypeTiny.pm
Sub/Defer.pm
Moo/_Utils.pm
Eval/TypeTiny.pm
constant.pm
overload.pm
Module/Runtime.pm
B/Hooks/EndOfScope.pm
Import/Into.pm
Moo/Object.pm
Moo.pm
Bio/Cigar.pm
Moo/sification.pm
Scalar/Util.pm
mro.pm
Class/XSAccessor/Heavy.pm
Type/Tiny.pm
warnings/register.pm
Moo/_mro.pm
Exporter/Tiny.pm
Module/Implementation.pm
base.pm
Sub/Exporter/Progressive.pm
Types/Standard.pm
Type/Tiny/Union.pm
DynaLoader.pm
Sub/Quote.pm
re.pm
Types/Standard/Tuple.pm
Variable/Magic.pm
Devel/GlobalDestruction.pm
Package/Stash/XS.pm
Package/Stash.pm
Class/XSAccessor.pm
Type/Coercion.pm
vars.pm
B/Hooks/EndOfScope/XS.pm
Getopt/Std.pm
List/Util.pm
strictures.pm
Type/Coercion/Union.pm
Try/Tiny.pm
Config.pm
overloading.pm
Moo/HandleMoose/_TypeMap.pm
Type/Library.pm
Method/Generate/Accessor.pm
Type/Tiny/Enum.pm
Sub/Name.pm
namespace/clean.pm
Types/Standard/ArrayRef.pm
